I, [2016-10-20T03:25:00.174581 #11930]  INFO -- : Triggering 'nissy'
E, [2016-10-20T03:25:00.556275 #11930] ERROR -- : Failed to open TCP connection to avex.jp:80 (getaddrinfo: nodename nor servname provided, or not known) (SocketError)
/Users/ryoma_kurisu/.rbenv/versions/2.3.1/lib/ruby/2.3.0/net/http.rb:882:in `rescue in block in connect'
/Users/ryoma_kurisu/.rbenv/versions/2.3.1/lib/ruby/2.3.0/net/http.rb:879:in `block in connect'
/Users/ryoma_kurisu/.rbenv/versions/2.3.1/lib/ruby/2.3.0/timeout.rb:91:in `block in timeout'
/Users/ryoma_kurisu/.rbenv/versions/2.3.1/lib/ruby/2.3.0/timeout.rb:101:in `timeout'
/Users/ryoma_kurisu/.rbenv/versions/2.3.1/lib/ruby/2.3.0/net/http.rb:878:in `connect'
/Users/ryoma_kurisu/.rbenv/versions/2.3.1/lib/ruby/2.3.0/net/http.rb:863:in `do_start'
/Users/ryoma_kurisu/.rbenv/versions/2.3.1/lib/ruby/2.3.0/net/http.rb:852:in `start'
/Users/ryoma_kurisu/.rbenv/versions/2.3.1/lib/ruby/2.3.0/open-uri.rb:319:in `open_http'
/Users/ryoma_kurisu/.rbenv/versions/2.3.1/lib/ruby/2.3.0/open-uri.rb:737:in `buffer_open'
/Users/ryoma_kurisu/.rbenv/versions/2.3.1/lib/ruby/2.3.0/open-uri.rb:212:in `block in open_loop'
/Users/ryoma_kurisu/.rbenv/versions/2.3.1/lib/ruby/2.3.0/open-uri.rb:210:in `catch'
/Users/ryoma_kurisu/.rbenv/versions/2.3.1/lib/ruby/2.3.0/open-uri.rb:210:in `open_loop'
/Users/ryoma_kurisu/.rbenv/versions/2.3.1/lib/ruby/2.3.0/open-uri.rb:151:in `open_uri'
/Users/ryoma_kurisu/.rbenv/versions/2.3.1/lib/ruby/2.3.0/open-uri.rb:717:in `open'
/Users/ryoma_kurisu/.rbenv/versions/2.3.1/lib/ruby/2.3.0/open-uri.rb:35:in `open'
/Users/ryoma_kurisu/Desktop/text/nissy.rb:30:in `setData'
/Users/ryoma_kurisu/Desktop/text/nissy.rb:74:in `block in <top (required)>'
/Users/ryoma_kurisu/.rbenv/versions/2.3.1/lib/ruby/gems/2.3.0/gems/clockwork-2.0.0/lib/clockwork/event.rb:54:in `execute'
/Users/ryoma_kurisu/.rbenv/versions/2.3.1/lib/ruby/gems/2.3.0/gems/clockwork-2.0.0/lib/clockwork/event.rb:44:in `run'
/Users/ryoma_kurisu/.rbenv/versions/2.3.1/lib/ruby/gems/2.3.0/gems/clockwork-2.0.0/lib/clockwork/manager.rb:75:in `block in tick'
/Users/ryoma_kurisu/.rbenv/versions/2.3.1/lib/ruby/gems/2.3.0/gems/clockwork-2.0.0/lib/clockwork/manager.rb:73:in `each'
/Users/ryoma_kurisu/.rbenv/versions/2.3.1/lib/ruby/gems/2.3.0/gems/clockwork-2.0.0/lib/clockwork/manager.rb:73:in `tick'
/Users/ryoma_kurisu/.rbenv/versions/2.3.1/lib/ruby/gems/2.3.0/gems/clockwork-2.0.0/lib/clockwork/manager.rb:64:in `block in run'
/Users/ryoma_kurisu/.rbenv/versions/2.3.1/lib/ruby/gems/2.3.0/gems/clockwork-2.0.0/lib/clockwork/manager.rb:63:in `loop'
/Users/ryoma_kurisu/.rbenv/versions/2.3.1/lib/ruby/gems/2.3.0/gems/clockwork-2.0.0/lib/clockwork/manager.rb:63:in `run'
/Users/ryoma_kurisu/.rbenv/versions/2.3.1/lib/ruby/gems/2.3.0/gems/clockwork-2.0.0/lib/clockwork.rb:46:in `run'
/Users/ryoma_kurisu/.rbenv/versions/2.3.1/lib/ruby/gems/2.3.0/gems/clockwork-2.0.0/bin/clockwork:19:in `<top (required)>'
/Users/ryoma_kurisu/.rbenv/versions/2.3.1/bin/clockwork:22:in `load'
/Users/ryoma_kurisu/.rbenv/versions/2.3.1/bin/clockwork:22:in `<main>'
I, [2016-10-20T07:41:48.501517 #11930]  INFO -- : Triggering 'nissy'
E, [2016-10-20T07:41:48.819138 #11930] ERROR -- : Failed to open TCP connection to avex.jp:80 (getaddrinfo: nodename nor servname provided, or not known) (SocketError)
/Users/ryoma_kurisu/.rbenv/versions/2.3.1/lib/ruby/2.3.0/net/http.rb:882:in `rescue in block in connect'
/Users/ryoma_kurisu/.rbenv/versions/2.3.1/lib/ruby/2.3.0/net/http.rb:879:in `block in connect'
/Users/ryoma_kurisu/.rbenv/versions/2.3.1/lib/ruby/2.3.0/timeout.rb:91:in `block in timeout'
/Users/ryoma_kurisu/.rbenv/versions/2.3.1/lib/ruby/2.3.0/timeout.rb:101:in `timeout'
/Users/ryoma_kurisu/.rbenv/versions/2.3.1/lib/ruby/2.3.0/net/http.rb:878:in `connect'
/Users/ryoma_kurisu/.rbenv/versions/2.3.1/lib/ruby/2.3.0/net/http.rb:863:in `do_start'
/Users/ryoma_kurisu/.rbenv/versions/2.3.1/lib/ruby/2.3.0/net/http.rb:852:in `start'
/Users/ryoma_kurisu/.rbenv/versions/2.3.1/lib/ruby/2.3.0/open-uri.rb:319:in `open_http'
/Users/ryoma_kurisu/.rbenv/versions/2.3.1/lib/ruby/2.3.0/open-uri.rb:737:in `buffer_open'
/Users/ryoma_kurisu/.rbenv/versions/2.3.1/lib/ruby/2.3.0/open-uri.rb:212:in `block in open_loop'
/Users/ryoma_kurisu/.rbenv/versions/2.3.1/lib/ruby/2.3.0/open-uri.rb:210:in `catch'
/Users/ryoma_kurisu/.rbenv/versions/2.3.1/lib/ruby/2.3.0/open-uri.rb:210:in `open_loop'
/Users/ryoma_kurisu/.rbenv/versions/2.3.1/lib/ruby/2.3.0/open-uri.rb:151:in `open_uri'
/Users/ryoma_kurisu/.rbenv/versions/2.3.1/lib/ruby/2.3.0/open-uri.rb:717:in `open'
/Users/ryoma_kurisu/.rbenv/versions/2.3.1/lib/ruby/2.3.0/open-uri.rb:35:in `open'
/Users/ryoma_kurisu/Desktop/text/nissy.rb:30:in `setData'
/Users/ryoma_kurisu/Desktop/text/nissy.rb:74:in `block in <top (required)>'
/Users/ryoma_kurisu/.rbenv/versions/2.3.1/lib/ruby/gems/2.3.0/gems/clockwork-2.0.0/lib/clockwork/event.rb:54:in `execute'
/Users/ryoma_kurisu/.rbenv/versions/2.3.1/lib/ruby/gems/2.3.0/gems/clockwork-2.0.0/lib/clockwork/event.rb:44:in `run'
/Users/ryoma_kurisu/.rbenv/versions/2.3.1/lib/ruby/gems/2.3.0/gems/clockwork-2.0.0/lib/clockwork/manager.rb:75:in `block in tick'
/Users/ryoma_kurisu/.rbenv/versions/2.3.1/lib/ruby/gems/2.3.0/gems/clockwork-2.0.0/lib/clockwork/manager.rb:73:in `each'
/Users/ryoma_kurisu/.rbenv/versions/2.3.1/lib/ruby/gems/2.3.0/gems/clockwork-2.0.0/lib/clockwork/manager.rb:73:in `tick'
/Users/ryoma_kurisu/.rbenv/versions/2.3.1/lib/ruby/gems/2.3.0/gems/clockwork-2.0.0/lib/clockwork/manager.rb:64:in `block in run'
/Users/ryoma_kurisu/.rbenv/versions/2.3.1/lib/ruby/gems/2.3.0/gems/clockwork-2.0.0/lib/clockwork/manager.rb:63:in `loop'
/Users/ryoma_kurisu/.rbenv/versions/2.3.1/lib/ruby/gems/2.3.0/gems/clockwork-2.0.0/lib/clockwork/manager.rb:63:in `run'
/Users/ryoma_kurisu/.rbenv/versions/2.3.1/lib/ruby/gems/2.3.0/gems/clockwork-2.0.0/lib/clockwork.rb:46:in `run'
/Users/ryoma_kurisu/.rbenv/versions/2.3.1/lib/ruby/gems/2.3.0/gems/clockwork-2.0.0/bin/clockwork:19:in `<top (required)>'
/Users/ryoma_kurisu/.rbenv/versions/2.3.1/bin/clockwork:22:in `load'
/Users/ryoma_kurisu/.rbenv/versions/2.3.1/bin/clockwork:22:in `<main>'
I, [2016-10-20T10:50:02.011562 #11930]  INFO -- : Triggering 'nissy'
E, [2016-10-20T10:50:02.053864 #11930] ERROR -- : Failed to open TCP connection to avex.jp:80 (getaddrinfo: nodename nor servname provided, or not known) (SocketError)
/Users/ryoma_kurisu/.rbenv/versions/2.3.1/lib/ruby/2.3.0/net/http.rb:882:in `rescue in block in connect'
/Users/ryoma_kurisu/.rbenv/versions/2.3.1/lib/ruby/2.3.0/net/http.rb:879:in `block in connect'
/Users/ryoma_kurisu/.rbenv/versions/2.3.1/lib/ruby/2.3.0/timeout.rb:91:in `block in timeout'
/Users/ryoma_kurisu/.rbenv/versions/2.3.1/lib/ruby/2.3.0/timeout.rb:101:in `timeout'
/Users/ryoma_kurisu/.rbenv/versions/2.3.1/lib/ruby/2.3.0/net/http.rb:878:in `connect'
/Users/ryoma_kurisu/.rbenv/versions/2.3.1/lib/ruby/2.3.0/net/http.rb:863:in `do_start'
/Users/ryoma_kurisu/.rbenv/versions/2.3.1/lib/ruby/2.3.0/net/http.rb:852:in `start'
/Users/ryoma_kurisu/.rbenv/versions/2.3.1/lib/ruby/2.3.0/open-uri.rb:319:in `open_http'
/Users/ryoma_kurisu/.rbenv/versions/2.3.1/lib/ruby/2.3.0/open-uri.rb:737:in `buffer_open'
/Users/ryoma_kurisu/.rbenv/versions/2.3.1/lib/ruby/2.3.0/open-uri.rb:212:in `block in open_loop'
/Users/ryoma_kurisu/.rbenv/versions/2.3.1/lib/ruby/2.3.0/open-uri.rb:210:in `catch'
/Users/ryoma_kurisu/.rbenv/versions/2.3.1/lib/ruby/2.3.0/open-uri.rb:210:in `open_loop'
/Users/ryoma_kurisu/.rbenv/versions/2.3.1/lib/ruby/2.3.0/open-uri.rb:151:in `open_uri'
/Users/ryoma_kurisu/.rbenv/versions/2.3.1/lib/ruby/2.3.0/open-uri.rb:717:in `open'
/Users/ryoma_kurisu/.rbenv/versions/2.3.1/lib/ruby/2.3.0/open-uri.rb:35:in `open'
/Users/ryoma_kurisu/Desktop/text/nissy.rb:30:in `setData'
/Users/ryoma_kurisu/Desktop/text/nissy.rb:74:in `block in <top (required)>'
/Users/ryoma_kurisu/.rbenv/versions/2.3.1/lib/ruby/gems/2.3.0/gems/clockwork-2.0.0/lib/clockwork/event.rb:54:in `execute'
/Users/ryoma_kurisu/.rbenv/versions/2.3.1/lib/ruby/gems/2.3.0/gems/clockwork-2.0.0/lib/clockwork/event.rb:44:in `run'
/Users/ryoma_kurisu/.rbenv/versions/2.3.1/lib/ruby/gems/2.3.0/gems/clockwork-2.0.0/lib/clockwork/manager.rb:75:in `block in tick'
/Users/ryoma_kurisu/.rbenv/versions/2.3.1/lib/ruby/gems/2.3.0/gems/clockwork-2.0.0/lib/clockwork/manager.rb:73:in `each'
/Users/ryoma_kurisu/.rbenv/versions/2.3.1/lib/ruby/gems/2.3.0/gems/clockwork-2.0.0/lib/clockwork/manager.rb:73:in `tick'
/Users/ryoma_kurisu/.rbenv/versions/2.3.1/lib/ruby/gems/2.3.0/gems/clockwork-2.0.0/lib/clockwork/manager.rb:64:in `block in run'
/Users/ryoma_kurisu/.rbenv/versions/2.3.1/lib/ruby/gems/2.3.0/gems/clockwork-2.0.0/lib/clockwork/manager.rb:63:in `loop'
/Users/ryoma_kurisu/.rbenv/versions/2.3.1/lib/ruby/gems/2.3.0/gems/clockwork-2.0.0/lib/clockwork/manager.rb:63:in `run'
/Users/ryoma_kurisu/.rbenv/versions/2.3.1/lib/ruby/gems/2.3.0/gems/clockwork-2.0.0/lib/clockwork.rb:46:in `run'
/Users/ryoma_kurisu/.rbenv/versions/2.3.1/lib/ruby/gems/2.3.0/gems/clockwork-2.0.0/bin/clockwork:19:in `<top (required)>'
/Users/ryoma_kurisu/.rbenv/versions/2.3.1/bin/clockwork:22:in `load'
/Users/ryoma_kurisu/.rbenv/versions/2.3.1/bin/clockwork:22:in `<main>'
I, [2016-10-21T09:20:57.558156 #11930]  INFO -- : Triggering 'nissy'
E, [2016-10-21T09:20:58.250740 #11930] ERROR -- : Failed to open TCP connection to avex.jp:80 (getaddrinfo: nodename nor servname provided, or not known) (SocketError)
/Users/ryoma_kurisu/.rbenv/versions/2.3.1/lib/ruby/2.3.0/net/http.rb:882:in `rescue in block in connect'
/Users/ryoma_kurisu/.rbenv/versions/2.3.1/lib/ruby/2.3.0/net/http.rb:879:in `block in connect'
/Users/ryoma_kurisu/.rbenv/versions/2.3.1/lib/ruby/2.3.0/timeout.rb:91:in `block in timeout'
/Users/ryoma_kurisu/.rbenv/versions/2.3.1/lib/ruby/2.3.0/timeout.rb:101:in `timeout'
/Users/ryoma_kurisu/.rbenv/versions/2.3.1/lib/ruby/2.3.0/net/http.rb:878:in `connect'
/Users/ryoma_kurisu/.rbenv/versions/2.3.1/lib/ruby/2.3.0/net/http.rb:863:in `do_start'
/Users/ryoma_kurisu/.rbenv/versions/2.3.1/lib/ruby/2.3.0/net/http.rb:852:in `start'
/Users/ryoma_kurisu/.rbenv/versions/2.3.1/lib/ruby/2.3.0/open-uri.rb:319:in `open_http'
/Users/ryoma_kurisu/.rbenv/versions/2.3.1/lib/ruby/2.3.0/open-uri.rb:737:in `buffer_open'
/Users/ryoma_kurisu/.rbenv/versions/2.3.1/lib/ruby/2.3.0/open-uri.rb:212:in `block in open_loop'
/Users/ryoma_kurisu/.rbenv/versions/2.3.1/lib/ruby/2.3.0/open-uri.rb:210:in `catch'
/Users/ryoma_kurisu/.rbenv/versions/2.3.1/lib/ruby/2.3.0/open-uri.rb:210:in `open_loop'
/Users/ryoma_kurisu/.rbenv/versions/2.3.1/lib/ruby/2.3.0/open-uri.rb:151:in `open_uri'
/Users/ryoma_kurisu/.rbenv/versions/2.3.1/lib/ruby/2.3.0/open-uri.rb:717:in `open'
/Users/ryoma_kurisu/.rbenv/versions/2.3.1/lib/ruby/2.3.0/open-uri.rb:35:in `open'
/Users/ryoma_kurisu/Desktop/text/nissy.rb:30:in `setData'
/Users/ryoma_kurisu/Desktop/text/nissy.rb:74:in `block in <top (required)>'
/Users/ryoma_kurisu/.rbenv/versions/2.3.1/lib/ruby/gems/2.3.0/gems/clockwork-2.0.0/lib/clockwork/event.rb:54:in `execute'
/Users/ryoma_kurisu/.rbenv/versions/2.3.1/lib/ruby/gems/2.3.0/gems/clockwork-2.0.0/lib/clockwork/event.rb:44:in `run'
/Users/ryoma_kurisu/.rbenv/versions/2.3.1/lib/ruby/gems/2.3.0/gems/clockwork-2.0.0/lib/clockwork/manager.rb:75:in `block in tick'
/Users/ryoma_kurisu/.rbenv/versions/2.3.1/lib/ruby/gems/2.3.0/gems/clockwork-2.0.0/lib/clockwork/manager.rb:73:in `each'
/Users/ryoma_kurisu/.rbenv/versions/2.3.1/lib/ruby/gems/2.3.0/gems/clockwork-2.0.0/lib/clockwork/manager.rb:73:in `tick'
/Users/ryoma_kurisu/.rbenv/versions/2.3.1/lib/ruby/gems/2.3.0/gems/clockwork-2.0.0/lib/clockwork/manager.rb:64:in `block in run'
/Users/ryoma_kurisu/.rbenv/versions/2.3.1/lib/ruby/gems/2.3.0/gems/clockwork-2.0.0/lib/clockwork/manager.rb:63:in `loop'
/Users/ryoma_kurisu/.rbenv/versions/2.3.1/lib/ruby/gems/2.3.0/gems/clockwork-2.0.0/lib/clockwork/manager.rb:63:in `run'
/Users/ryoma_kurisu/.rbenv/versions/2.3.1/lib/ruby/gems/2.3.0/gems/clockwork-2.0.0/lib/clockwork.rb:46:in `run'
/Users/ryoma_kurisu/.rbenv/versions/2.3.1/lib/ruby/gems/2.3.0/gems/clockwork-2.0.0/bin/clockwork:19:in `<top (required)>'
/Users/ryoma_kurisu/.rbenv/versions/2.3.1/bin/clockwork:22:in `load'
/Users/ryoma_kurisu/.rbenv/versions/2.3.1/bin/clockwork:22:in `<main>'
I, [2016-10-21T12:46:40.008973 #11930]  INFO -- : Triggering 'nissy'
E, [2016-10-21T12:46:40.238530 #11930] ERROR -- : Failed to open TCP connection to avex.jp:80 (getaddrinfo: nodename nor servname provided, or not known) (SocketError)
/Users/ryoma_kurisu/.rbenv/versions/2.3.1/lib/ruby/2.3.0/net/http.rb:882:in `rescue in block in connect'
/Users/ryoma_kurisu/.rbenv/versions/2.3.1/lib/ruby/2.3.0/net/http.rb:879:in `block in connect'
/Users/ryoma_kurisu/.rbenv/versions/2.3.1/lib/ruby/2.3.0/timeout.rb:91:in `block in timeout'
/Users/ryoma_kurisu/.rbenv/versions/2.3.1/lib/ruby/2.3.0/timeout.rb:101:in `timeout'
/Users/ryoma_kurisu/.rbenv/versions/2.3.1/lib/ruby/2.3.0/net/http.rb:878:in `connect'
/Users/ryoma_kurisu/.rbenv/versions/2.3.1/lib/ruby/2.3.0/net/http.rb:863:in `do_start'
/Users/ryoma_kurisu/.rbenv/versions/2.3.1/lib/ruby/2.3.0/net/http.rb:852:in `start'
/Users/ryoma_kurisu/.rbenv/versions/2.3.1/lib/ruby/2.3.0/open-uri.rb:319:in `open_http'
/Users/ryoma_kurisu/.rbenv/versions/2.3.1/lib/ruby/2.3.0/open-uri.rb:737:in `buffer_open'
/Users/ryoma_kurisu/.rbenv/versions/2.3.1/lib/ruby/2.3.0/open-uri.rb:212:in `block in open_loop'
/Users/ryoma_kurisu/.rbenv/versions/2.3.1/lib/ruby/2.3.0/open-uri.rb:210:in `catch'
/Users/ryoma_kurisu/.rbenv/versions/2.3.1/lib/ruby/2.3.0/open-uri.rb:210:in `open_loop'
/Users/ryoma_kurisu/.rbenv/versions/2.3.1/lib/ruby/2.3.0/open-uri.rb:151:in `open_uri'
/Users/ryoma_kurisu/.rbenv/versions/2.3.1/lib/ruby/2.3.0/open-uri.rb:717:in `open'
/Users/ryoma_kurisu/.rbenv/versions/2.3.1/lib/ruby/2.3.0/open-uri.rb:35:in `open'
/Users/ryoma_kurisu/Desktop/text/nissy.rb:30:in `setData'
/Users/ryoma_kurisu/Desktop/text/nissy.rb:74:in `block in <top (required)>'
/Users/ryoma_kurisu/.rbenv/versions/2.3.1/lib/ruby/gems/2.3.0/gems/clockwork-2.0.0/lib/clockwork/event.rb:54:in `execute'
/Users/ryoma_kurisu/.rbenv/versions/2.3.1/lib/ruby/gems/2.3.0/gems/clockwork-2.0.0/lib/clockwork/event.rb:44:in `run'
/Users/ryoma_kurisu/.rbenv/versions/2.3.1/lib/ruby/gems/2.3.0/gems/clockwork-2.0.0/lib/clockwork/manager.rb:75:in `block in tick'
/Users/ryoma_kurisu/.rbenv/versions/2.3.1/lib/ruby/gems/2.3.0/gems/clockwork-2.0.0/lib/clockwork/manager.rb:73:in `each'
/Users/ryoma_kurisu/.rbenv/versions/2.3.1/lib/ruby/gems/2.3.0/gems/clockwork-2.0.0/lib/clockwork/manager.rb:73:in `tick'
/Users/ryoma_kurisu/.rbenv/versions/2.3.1/lib/ruby/gems/2.3.0/gems/clockwork-2.0.0/lib/clockwork/manager.rb:64:in `block in run'
/Users/ryoma_kurisu/.rbenv/versions/2.3.1/lib/ruby/gems/2.3.0/gems/clockwork-2.0.0/lib/clockwork/manager.rb:63:in `loop'
/Users/ryoma_kurisu/.rbenv/versions/2.3.1/lib/ruby/gems/2.3.0/gems/clockwork-2.0.0/lib/clockwork/manager.rb:63:in `run'
/Users/ryoma_kurisu/.rbenv/versions/2.3.1/lib/ruby/gems/2.3.0/gems/clockwork-2.0.0/lib/clockwork.rb:46:in `run'
/Users/ryoma_kurisu/.rbenv/versions/2.3.1/lib/ruby/gems/2.3.0/gems/clockwork-2.0.0/bin/clockwork:19:in `<top (required)>'
/Users/ryoma_kurisu/.rbenv/versions/2.3.1/bin/clockwork:22:in `load'
/Users/ryoma_kurisu/.rbenv/versions/2.3.1/bin/clockwork:22:in `<main>'
I, [2016-10-22T09:46:38.698897 #11930]  INFO -- : Triggering 'nissy'
E, [2016-10-22T09:46:39.481753 #11930] ERROR -- : Failed to open TCP connection to avex.jp:80 (getaddrinfo: nodename nor servname provided, or not known) (SocketError)
/Users/ryoma_kurisu/.rbenv/versions/2.3.1/lib/ruby/2.3.0/net/http.rb:882:in `rescue in block in connect'
/Users/ryoma_kurisu/.rbenv/versions/2.3.1/lib/ruby/2.3.0/net/http.rb:879:in `block in connect'
/Users/ryoma_kurisu/.rbenv/versions/2.3.1/lib/ruby/2.3.0/timeout.rb:91:in `block in timeout'
/Users/ryoma_kurisu/.rbenv/versions/2.3.1/lib/ruby/2.3.0/timeout.rb:101:in `timeout'
/Users/ryoma_kurisu/.rbenv/versions/2.3.1/lib/ruby/2.3.0/net/http.rb:878:in `connect'
/Users/ryoma_kurisu/.rbenv/versions/2.3.1/lib/ruby/2.3.0/net/http.rb:863:in `do_start'
/Users/ryoma_kurisu/.rbenv/versions/2.3.1/lib/ruby/2.3.0/net/http.rb:852:in `start'
/Users/ryoma_kurisu/.rbenv/versions/2.3.1/lib/ruby/2.3.0/open-uri.rb:319:in `open_http'
/Users/ryoma_kurisu/.rbenv/versions/2.3.1/lib/ruby/2.3.0/open-uri.rb:737:in `buffer_open'
/Users/ryoma_kurisu/.rbenv/versions/2.3.1/lib/ruby/2.3.0/open-uri.rb:212:in `block in open_loop'
/Users/ryoma_kurisu/.rbenv/versions/2.3.1/lib/ruby/2.3.0/open-uri.rb:210:in `catch'
/Users/ryoma_kurisu/.rbenv/versions/2.3.1/lib/ruby/2.3.0/open-uri.rb:210:in `open_loop'
/Users/ryoma_kurisu/.rbenv/versions/2.3.1/lib/ruby/2.3.0/open-uri.rb:151:in `open_uri'
/Users/ryoma_kurisu/.rbenv/versions/2.3.1/lib/ruby/2.3.0/open-uri.rb:717:in `open'
/Users/ryoma_kurisu/.rbenv/versions/2.3.1/lib/ruby/2.3.0/open-uri.rb:35:in `open'
/Users/ryoma_kurisu/Desktop/text/nissy.rb:30:in `setData'
/Users/ryoma_kurisu/Desktop/text/nissy.rb:74:in `block in <top (required)>'
/Users/ryoma_kurisu/.rbenv/versions/2.3.1/lib/ruby/gems/2.3.0/gems/clockwork-2.0.0/lib/clockwork/event.rb:54:in `execute'
/Users/ryoma_kurisu/.rbenv/versions/2.3.1/lib/ruby/gems/2.3.0/gems/clockwork-2.0.0/lib/clockwork/event.rb:44:in `run'
/Users/ryoma_kurisu/.rbenv/versions/2.3.1/lib/ruby/gems/2.3.0/gems/clockwork-2.0.0/lib/clockwork/manager.rb:75:in `block in tick'
/Users/ryoma_kurisu/.rbenv/versions/2.3.1/lib/ruby/gems/2.3.0/gems/clockwork-2.0.0/lib/clockwork/manager.rb:73:in `each'
/Users/ryoma_kurisu/.rbenv/versions/2.3.1/lib/ruby/gems/2.3.0/gems/clockwork-2.0.0/lib/clockwork/manager.rb:73:in `tick'
/Users/ryoma_kurisu/.rbenv/versions/2.3.1/lib/ruby/gems/2.3.0/gems/clockwork-2.0.0/lib/clockwork/manager.rb:64:in `block in run'
/Users/ryoma_kurisu/.rbenv/versions/2.3.1/lib/ruby/gems/2.3.0/gems/clockwork-2.0.0/lib/clockwork/manager.rb:63:in `loop'
/Users/ryoma_kurisu/.rbenv/versions/2.3.1/lib/ruby/gems/2.3.0/gems/clockwork-2.0.0/lib/clockwork/manager.rb:63:in `run'
/Users/ryoma_kurisu/.rbenv/versions/2.3.1/lib/ruby/gems/2.3.0/gems/clockwork-2.0.0/lib/clockwork.rb:46:in `run'
/Users/ryoma_kurisu/.rbenv/versions/2.3.1/lib/ruby/gems/2.3.0/gems/clockwork-2.0.0/bin/clockwork:19:in `<top (required)>'
/Users/ryoma_kurisu/.rbenv/versions/2.3.1/bin/clockwork:22:in `load'
/Users/ryoma_kurisu/.rbenv/versions/2.3.1/bin/clockwork:22:in `<main>'
I, [2016-10-22T12:31:35.013243 #11930]  INFO -- : Triggering 'nissy'
E, [2016-10-22T12:31:35.440311 #11930] ERROR -- : Failed to open TCP connection to avex.jp:80 (getaddrinfo: nodename nor servname provided, or not known) (SocketError)
/Users/ryoma_kurisu/.rbenv/versions/2.3.1/lib/ruby/2.3.0/net/http.rb:882:in `rescue in block in connect'
/Users/ryoma_kurisu/.rbenv/versions/2.3.1/lib/ruby/2.3.0/net/http.rb:879:in `block in connect'
/Users/ryoma_kurisu/.rbenv/versions/2.3.1/lib/ruby/2.3.0/timeout.rb:91:in `block in timeout'
/Users/ryoma_kurisu/.rbenv/versions/2.3.1/lib/ruby/2.3.0/timeout.rb:101:in `timeout'
/Users/ryoma_kurisu/.rbenv/versions/2.3.1/lib/ruby/2.3.0/net/http.rb:878:in `connect'
/Users/ryoma_kurisu/.rbenv/versions/2.3.1/lib/ruby/2.3.0/net/http.rb:863:in `do_start'
/Users/ryoma_kurisu/.rbenv/versions/2.3.1/lib/ruby/2.3.0/net/http.rb:852:in `start'
/Users/ryoma_kurisu/.rbenv/versions/2.3.1/lib/ruby/2.3.0/open-uri.rb:319:in `open_http'
/Users/ryoma_kurisu/.rbenv/versions/2.3.1/lib/ruby/2.3.0/open-uri.rb:737:in `buffer_open'
/Users/ryoma_kurisu/.rbenv/versions/2.3.1/lib/ruby/2.3.0/open-uri.rb:212:in `block in open_loop'
/Users/ryoma_kurisu/.rbenv/versions/2.3.1/lib/ruby/2.3.0/open-uri.rb:210:in `catch'
/Users/ryoma_kurisu/.rbenv/versions/2.3.1/lib/ruby/2.3.0/open-uri.rb:210:in `open_loop'
/Users/ryoma_kurisu/.rbenv/versions/2.3.1/lib/ruby/2.3.0/open-uri.rb:151:in `open_uri'
/Users/ryoma_kurisu/.rbenv/versions/2.3.1/lib/ruby/2.3.0/open-uri.rb:717:in `open'
/Users/ryoma_kurisu/.rbenv/versions/2.3.1/lib/ruby/2.3.0/open-uri.rb:35:in `open'
/Users/ryoma_kurisu/Desktop/text/nissy.rb:30:in `setData'
/Users/ryoma_kurisu/Desktop/text/nissy.rb:74:in `block in <top (required)>'
/Users/ryoma_kurisu/.rbenv/versions/2.3.1/lib/ruby/gems/2.3.0/gems/clockwork-2.0.0/lib/clockwork/event.rb:54:in `execute'
/Users/ryoma_kurisu/.rbenv/versions/2.3.1/lib/ruby/gems/2.3.0/gems/clockwork-2.0.0/lib/clockwork/event.rb:44:in `run'
/Users/ryoma_kurisu/.rbenv/versions/2.3.1/lib/ruby/gems/2.3.0/gems/clockwork-2.0.0/lib/clockwork/manager.rb:75:in `block in tick'
/Users/ryoma_kurisu/.rbenv/versions/2.3.1/lib/ruby/gems/2.3.0/gems/clockwork-2.0.0/lib/clockwork/manager.rb:73:in `each'
/Users/ryoma_kurisu/.rbenv/versions/2.3.1/lib/ruby/gems/2.3.0/gems/clockwork-2.0.0/lib/clockwork/manager.rb:73:in `tick'
/Users/ryoma_kurisu/.rbenv/versions/2.3.1/lib/ruby/gems/2.3.0/gems/clockwork-2.0.0/lib/clockwork/manager.rb:64:in `block in run'
/Users/ryoma_kurisu/.rbenv/versions/2.3.1/lib/ruby/gems/2.3.0/gems/clockwork-2.0.0/lib/clockwork/manager.rb:63:in `loop'
/Users/ryoma_kurisu/.rbenv/versions/2.3.1/lib/ruby/gems/2.3.0/gems/clockwork-2.0.0/lib/clockwork/manager.rb:63:in `run'
/Users/ryoma_kurisu/.rbenv/versions/2.3.1/lib/ruby/gems/2.3.0/gems/clockwork-2.0.0/lib/clockwork.rb:46:in `run'
/Users/ryoma_kurisu/.rbenv/versions/2.3.1/lib/ruby/gems/2.3.0/gems/clockwork-2.0.0/bin/clockwork:19:in `<top (required)>'
/Users/ryoma_kurisu/.rbenv/versions/2.3.1/bin/clockwork:22:in `load'
/Users/ryoma_kurisu/.rbenv/versions/2.3.1/bin/clockwork:22:in `<main>'
I, [2016-10-22T12:34:24.255182 #12678]  INFO -- : Starting clock for 1 events: [ nissy ]
I, [2016-10-22T12:34:24.257291 #12678]  INFO -- : Triggering 'nissy'
2016.09.15
【Nissy Entertainment 1st LIVEオンライン販売SOLD OUT商品の再販売について】http://avex.jp/nissy/news/ #nissy
2016.10.21
10/26(水)Nissy(西島隆弘)VMAJ出演決定!!http://avex.jp/nissy/news/ #nissy
I, [2016-10-22T15:01:35.008546 #11930]  INFO -- : Triggering 'nissy'
2016.09.30
メガネのプリンスの人気NO.1フレーム「クリオネ」の新ＣＭが9/30（金）より北海道エリアにてOA開始。http://avex.jp/nissy/news/ #nissy
2016.10.21
10/26(水)Nissy(西島隆弘)VMAJ出演決定!!http://avex.jp/nissy/news/ #nissy
I, [2016-10-22T15:39:58.208350 #12678]  INFO -- : Triggering 'nissy'
2016.09.30
メガネのプリンスの人気NO.1フレーム「クリオネ」の新ＣＭが9/30（金）より北海道エリアにてOA開始。http://avex.jp/nissy/news/ #nissy
2016.10.21
10/26(水)Nissy(西島隆弘)VMAJ出演決定!!http://avex.jp/nissy/news/ #nissy
I, [2016-10-22T19:00:28.010680 #12678]  INFO -- : Triggering 'nissy'
I, [2016-10-22T19:00:28.011014 #11930]  INFO -- : Triggering 'nissy'
E, [2016-10-22T19:00:28.306366 #11930] ERROR -- : Failed to open TCP connection to avex.jp:80 (getaddrinfo: nodename nor servname provided, or not known) (SocketError)
/Users/ryoma_kurisu/.rbenv/versions/2.3.1/lib/ruby/2.3.0/net/http.rb:882:in `rescue in block in connect'
/Users/ryoma_kurisu/.rbenv/versions/2.3.1/lib/ruby/2.3.0/net/http.rb:879:in `block in connect'
/Users/ryoma_kurisu/.rbenv/versions/2.3.1/lib/ruby/2.3.0/timeout.rb:91:in `block in timeout'
/Users/ryoma_kurisu/.rbenv/versions/2.3.1/lib/ruby/2.3.0/timeout.rb:101:in `timeout'
/Users/ryoma_kurisu/.rbenv/versions/2.3.1/lib/ruby/2.3.0/net/http.rb:878:in `connect'
/Users/ryoma_kurisu/.rbenv/versions/2.3.1/lib/ruby/2.3.0/net/http.rb:863:in `do_start'
/Users/ryoma_kurisu/.rbenv/versions/2.3.1/lib/ruby/2.3.0/net/http.rb:852:in `start'
/Users/ryoma_kurisu/.rbenv/versions/2.3.1/lib/ruby/2.3.0/open-uri.rb:319:in `open_http'
/Users/ryoma_kurisu/.rbenv/versions/2.3.1/lib/ruby/2.3.0/open-uri.rb:737:in `buffer_open'
/Users/ryoma_kurisu/.rbenv/versions/2.3.1/lib/ruby/2.3.0/open-uri.rb:212:in `block in open_loop'
/Users/ryoma_kurisu/.rbenv/versions/2.3.1/lib/ruby/2.3.0/open-uri.rb:210:in `catch'
/Users/ryoma_kurisu/.rbenv/versions/2.3.1/lib/ruby/2.3.0/open-uri.rb:210:in `open_loop'
/Users/ryoma_kurisu/.rbenv/versions/2.3.1/lib/ruby/2.3.0/open-uri.rb:151:in `open_uri'
/Users/ryoma_kurisu/.rbenv/versions/2.3.1/lib/ruby/2.3.0/open-uri.rb:717:in `open'
/Users/ryoma_kurisu/.rbenv/versions/2.3.1/lib/ruby/2.3.0/open-uri.rb:35:in `open'
/Users/ryoma_kurisu/Desktop/text/nissy.rb:30:in `setData'
/Users/ryoma_kurisu/Desktop/text/nissy.rb:74:in `block in <top (required)>'
/Users/ryoma_kurisu/.rbenv/versions/2.3.1/lib/ruby/gems/2.3.0/gems/clockwork-2.0.0/lib/clockwork/event.rb:54:in `execute'
/Users/ryoma_kurisu/.rbenv/versions/2.3.1/lib/ruby/gems/2.3.0/gems/clockwork-2.0.0/lib/clockwork/event.rb:44:in `run'
/Users/ryoma_kurisu/.rbenv/versions/2.3.1/lib/ruby/gems/2.3.0/gems/clockwork-2.0.0/lib/clockwork/manager.rb:75:in `block in tick'
/Users/ryoma_kurisu/.rbenv/versions/2.3.1/lib/ruby/gems/2.3.0/gems/clockwork-2.0.0/lib/clockwork/manager.rb:73:in `each'
/Users/ryoma_kurisu/.rbenv/versions/2.3.1/lib/ruby/gems/2.3.0/gems/clockwork-2.0.0/lib/clockwork/manager.rb:73:in `tick'
/Users/ryoma_kurisu/.rbenv/versions/2.3.1/lib/ruby/gems/2.3.0/gems/clockwork-2.0.0/lib/clockwork/manager.rb:64:in `block in run'
/Users/ryoma_kurisu/.rbenv/versions/2.3.1/lib/ruby/gems/2.3.0/gems/clockwork-2.0.0/lib/clockwork/manager.rb:63:in `loop'
/Users/ryoma_kurisu/.rbenv/versions/2.3.1/lib/ruby/gems/2.3.0/gems/clockwork-2.0.0/lib/clockwork/manager.rb:63:in `run'
/Users/ryoma_kurisu/.rbenv/versions/2.3.1/lib/ruby/gems/2.3.0/gems/clockwork-2.0.0/lib/clockwork.rb:46:in `run'
/Users/ryoma_kurisu/.rbenv/versions/2.3.1/lib/ruby/gems/2.3.0/gems/clockwork-2.0.0/bin/clockwork:19:in `<top (required)>'
/Users/ryoma_kurisu/.rbenv/versions/2.3.1/bin/clockwork:22:in `load'
/Users/ryoma_kurisu/.rbenv/versions/2.3.1/bin/clockwork:22:in `<main>'
E, [2016-10-22T19:00:28.310152 #12678] ERROR -- : Failed to open TCP connection to avex.jp:80 (getaddrinfo: nodename nor servname provided, or not known) (SocketError)
/Users/ryoma_kurisu/.rbenv/versions/2.3.1/lib/ruby/2.3.0/net/http.rb:882:in `rescue in block in connect'
/Users/ryoma_kurisu/.rbenv/versions/2.3.1/lib/ruby/2.3.0/net/http.rb:879:in `block in connect'
/Users/ryoma_kurisu/.rbenv/versions/2.3.1/lib/ruby/2.3.0/timeout.rb:91:in `block in timeout'
/Users/ryoma_kurisu/.rbenv/versions/2.3.1/lib/ruby/2.3.0/timeout.rb:101:in `timeout'
/Users/ryoma_kurisu/.rbenv/versions/2.3.1/lib/ruby/2.3.0/net/http.rb:878:in `connect'
/Users/ryoma_kurisu/.rbenv/versions/2.3.1/lib/ruby/2.3.0/net/http.rb:863:in `do_start'
/Users/ryoma_kurisu/.rbenv/versions/2.3.1/lib/ruby/2.3.0/net/http.rb:852:in `start'
/Users/ryoma_kurisu/.rbenv/versions/2.3.1/lib/ruby/2.3.0/open-uri.rb:319:in `open_http'
/Users/ryoma_kurisu/.rbenv/versions/2.3.1/lib/ruby/2.3.0/open-uri.rb:737:in `buffer_open'
/Users/ryoma_kurisu/.rbenv/versions/2.3.1/lib/ruby/2.3.0/open-uri.rb:212:in `block in open_loop'
/Users/ryoma_kurisu/.rbenv/versions/2.3.1/lib/ruby/2.3.0/open-uri.rb:210:in `catch'
/Users/ryoma_kurisu/.rbenv/versions/2.3.1/lib/ruby/2.3.0/open-uri.rb:210:in `open_loop'
/Users/ryoma_kurisu/.rbenv/versions/2.3.1/lib/ruby/2.3.0/open-uri.rb:151:in `open_uri'
/Users/ryoma_kurisu/.rbenv/versions/2.3.1/lib/ruby/2.3.0/open-uri.rb:717:in `open'
/Users/ryoma_kurisu/.rbenv/versions/2.3.1/lib/ruby/2.3.0/open-uri.rb:35:in `open'
/Users/ryoma_kurisu/Desktop/text/nissy.rb:30:in `setData'
/Users/ryoma_kurisu/Desktop/text/nissy.rb:74:in `block in <top (required)>'
/Users/ryoma_kurisu/.rbenv/versions/2.3.1/lib/ruby/gems/2.3.0/gems/clockwork-2.0.0/lib/clockwork/event.rb:54:in `execute'
/Users/ryoma_kurisu/.rbenv/versions/2.3.1/lib/ruby/gems/2.3.0/gems/clockwork-2.0.0/lib/clockwork/event.rb:44:in `run'
/Users/ryoma_kurisu/.rbenv/versions/2.3.1/lib/ruby/gems/2.3.0/gems/clockwork-2.0.0/lib/clockwork/manager.rb:75:in `block in tick'
/Users/ryoma_kurisu/.rbenv/versions/2.3.1/lib/ruby/gems/2.3.0/gems/clockwork-2.0.0/lib/clockwork/manager.rb:73:in `each'
/Users/ryoma_kurisu/.rbenv/versions/2.3.1/lib/ruby/gems/2.3.0/gems/clockwork-2.0.0/lib/clockwork/manager.rb:73:in `tick'
/Users/ryoma_kurisu/.rbenv/versions/2.3.1/lib/ruby/gems/2.3.0/gems/clockwork-2.0.0/lib/clockwork/manager.rb:64:in `block in run'
/Users/ryoma_kurisu/.rbenv/versions/2.3.1/lib/ruby/gems/2.3.0/gems/clockwork-2.0.0/lib/clockwork/manager.rb:63:in `loop'
/Users/ryoma_kurisu/.rbenv/versions/2.3.1/lib/ruby/gems/2.3.0/gems/clockwork-2.0.0/lib/clockwork/manager.rb:63:in `run'
/Users/ryoma_kurisu/.rbenv/versions/2.3.1/lib/ruby/gems/2.3.0/gems/clockwork-2.0.0/lib/clockwork.rb:46:in `run'
/Users/ryoma_kurisu/.rbenv/versions/2.3.1/lib/ruby/gems/2.3.0/gems/clockwork-2.0.0/bin/clockwork:19:in `<top (required)>'
/Users/ryoma_kurisu/.rbenv/versions/2.3.1/bin/clockwork:22:in `load'
/Users/ryoma_kurisu/.rbenv/versions/2.3.1/bin/clockwork:22:in `<main>'
I, [2016-10-22T22:59:20.291985 #12678]  INFO -- : Triggering 'nissy'
I, [2016-10-22T22:59:20.451364 #11930]  INFO -- : Triggering 'nissy'
E, [2016-10-22T22:59:21.091590 #12678] ERROR -- : Failed to open TCP connection to avex.jp:80 (getaddrinfo: nodename nor servname provided, or not known) (SocketError)
/Users/ryoma_kurisu/.rbenv/versions/2.3.1/lib/ruby/2.3.0/net/http.rb:882:in `rescue in block in connect'
/Users/ryoma_kurisu/.rbenv/versions/2.3.1/lib/ruby/2.3.0/net/http.rb:879:in `block in connect'
/Users/ryoma_kurisu/.rbenv/versions/2.3.1/lib/ruby/2.3.0/timeout.rb:91:in `block in timeout'
/Users/ryoma_kurisu/.rbenv/versions/2.3.1/lib/ruby/2.3.0/timeout.rb:101:in `timeout'
/Users/ryoma_kurisu/.rbenv/versions/2.3.1/lib/ruby/2.3.0/net/http.rb:878:in `connect'
/Users/ryoma_kurisu/.rbenv/versions/2.3.1/lib/ruby/2.3.0/net/http.rb:863:in `do_start'
/Users/ryoma_kurisu/.rbenv/versions/2.3.1/lib/ruby/2.3.0/net/http.rb:852:in `start'
/Users/ryoma_kurisu/.rbenv/versions/2.3.1/lib/ruby/2.3.0/open-uri.rb:319:in `open_http'
/Users/ryoma_kurisu/.rbenv/versions/2.3.1/lib/ruby/2.3.0/open-uri.rb:737:in `buffer_open'
/Users/ryoma_kurisu/.rbenv/versions/2.3.1/lib/ruby/2.3.0/open-uri.rb:212:in `block in open_loop'
/Users/ryoma_kurisu/.rbenv/versions/2.3.1/lib/ruby/2.3.0/open-uri.rb:210:in `catch'
/Users/ryoma_kurisu/.rbenv/versions/2.3.1/lib/ruby/2.3.0/open-uri.rb:210:in `open_loop'
/Users/ryoma_kurisu/.rbenv/versions/2.3.1/lib/ruby/2.3.0/open-uri.rb:151:in `open_uri'
/Users/ryoma_kurisu/.rbenv/versions/2.3.1/lib/ruby/2.3.0/open-uri.rb:717:in `open'
/Users/ryoma_kurisu/.rbenv/versions/2.3.1/lib/ruby/2.3.0/open-uri.rb:35:in `open'
/Users/ryoma_kurisu/Desktop/text/nissy.rb:30:in `setData'
/Users/ryoma_kurisu/Desktop/text/nissy.rb:74:in `block in <top (required)>'
/Users/ryoma_kurisu/.rbenv/versions/2.3.1/lib/ruby/gems/2.3.0/gems/clockwork-2.0.0/lib/clockwork/event.rb:54:in `execute'
/Users/ryoma_kurisu/.rbenv/versions/2.3.1/lib/ruby/gems/2.3.0/gems/clockwork-2.0.0/lib/clockwork/event.rb:44:in `run'
/Users/ryoma_kurisu/.rbenv/versions/2.3.1/lib/ruby/gems/2.3.0/gems/clockwork-2.0.0/lib/clockwork/manager.rb:75:in `block in tick'
/Users/ryoma_kurisu/.rbenv/versions/2.3.1/lib/ruby/gems/2.3.0/gems/clockwork-2.0.0/lib/clockwork/manager.rb:73:in `each'
/Users/ryoma_kurisu/.rbenv/versions/2.3.1/lib/ruby/gems/2.3.0/gems/clockwork-2.0.0/lib/clockwork/manager.rb:73:in `tick'
/Users/ryoma_kurisu/.rbenv/versions/2.3.1/lib/ruby/gems/2.3.0/gems/clockwork-2.0.0/lib/clockwork/manager.rb:64:in `block in run'
/Users/ryoma_kurisu/.rbenv/versions/2.3.1/lib/ruby/gems/2.3.0/gems/clockwork-2.0.0/lib/clockwork/manager.rb:63:in `loop'
/Users/ryoma_kurisu/.rbenv/versions/2.3.1/lib/ruby/gems/2.3.0/gems/clockwork-2.0.0/lib/clockwork/manager.rb:63:in `run'
/Users/ryoma_kurisu/.rbenv/versions/2.3.1/lib/ruby/gems/2.3.0/gems/clockwork-2.0.0/lib/clockwork.rb:46:in `run'
/Users/ryoma_kurisu/.rbenv/versions/2.3.1/lib/ruby/gems/2.3.0/gems/clockwork-2.0.0/bin/clockwork:19:in `<top (required)>'
/Users/ryoma_kurisu/.rbenv/versions/2.3.1/bin/clockwork:22:in `load'
/Users/ryoma_kurisu/.rbenv/versions/2.3.1/bin/clockwork:22:in `<main>'
E, [2016-10-22T22:59:21.099662 #11930] ERROR -- : Failed to open TCP connection to avex.jp:80 (getaddrinfo: nodename nor servname provided, or not known) (SocketError)
/Users/ryoma_kurisu/.rbenv/versions/2.3.1/lib/ruby/2.3.0/net/http.rb:882:in `rescue in block in connect'
/Users/ryoma_kurisu/.rbenv/versions/2.3.1/lib/ruby/2.3.0/net/http.rb:879:in `block in connect'
/Users/ryoma_kurisu/.rbenv/versions/2.3.1/lib/ruby/2.3.0/timeout.rb:91:in `block in timeout'
/Users/ryoma_kurisu/.rbenv/versions/2.3.1/lib/ruby/2.3.0/timeout.rb:101:in `timeout'
/Users/ryoma_kurisu/.rbenv/versions/2.3.1/lib/ruby/2.3.0/net/http.rb:878:in `connect'
/Users/ryoma_kurisu/.rbenv/versions/2.3.1/lib/ruby/2.3.0/net/http.rb:863:in `do_start'
/Users/ryoma_kurisu/.rbenv/versions/2.3.1/lib/ruby/2.3.0/net/http.rb:852:in `start'
/Users/ryoma_kurisu/.rbenv/versions/2.3.1/lib/ruby/2.3.0/open-uri.rb:319:in `open_http'
/Users/ryoma_kurisu/.rbenv/versions/2.3.1/lib/ruby/2.3.0/open-uri.rb:737:in `buffer_open'
/Users/ryoma_kurisu/.rbenv/versions/2.3.1/lib/ruby/2.3.0/open-uri.rb:212:in `block in open_loop'
/Users/ryoma_kurisu/.rbenv/versions/2.3.1/lib/ruby/2.3.0/open-uri.rb:210:in `catch'
/Users/ryoma_kurisu/.rbenv/versions/2.3.1/lib/ruby/2.3.0/open-uri.rb:210:in `open_loop'
/Users/ryoma_kurisu/.rbenv/versions/2.3.1/lib/ruby/2.3.0/open-uri.rb:151:in `open_uri'
/Users/ryoma_kurisu/.rbenv/versions/2.3.1/lib/ruby/2.3.0/open-uri.rb:717:in `open'
/Users/ryoma_kurisu/.rbenv/versions/2.3.1/lib/ruby/2.3.0/open-uri.rb:35:in `open'
/Users/ryoma_kurisu/Desktop/text/nissy.rb:30:in `setData'
/Users/ryoma_kurisu/Desktop/text/nissy.rb:74:in `block in <top (required)>'
/Users/ryoma_kurisu/.rbenv/versions/2.3.1/lib/ruby/gems/2.3.0/gems/clockwork-2.0.0/lib/clockwork/event.rb:54:in `execute'
/Users/ryoma_kurisu/.rbenv/versions/2.3.1/lib/ruby/gems/2.3.0/gems/clockwork-2.0.0/lib/clockwork/event.rb:44:in `run'
/Users/ryoma_kurisu/.rbenv/versions/2.3.1/lib/ruby/gems/2.3.0/gems/clockwork-2.0.0/lib/clockwork/manager.rb:75:in `block in tick'
/Users/ryoma_kurisu/.rbenv/versions/2.3.1/lib/ruby/gems/2.3.0/gems/clockwork-2.0.0/lib/clockwork/manager.rb:73:in `each'
/Users/ryoma_kurisu/.rbenv/versions/2.3.1/lib/ruby/gems/2.3.0/gems/clockwork-2.0.0/lib/clockwork/manager.rb:73:in `tick'
/Users/ryoma_kurisu/.rbenv/versions/2.3.1/lib/ruby/gems/2.3.0/gems/clockwork-2.0.0/lib/clockwork/manager.rb:64:in `block in run'
/Users/ryoma_kurisu/.rbenv/versions/2.3.1/lib/ruby/gems/2.3.0/gems/clockwork-2.0.0/lib/clockwork/manager.rb:63:in `loop'
/Users/ryoma_kurisu/.rbenv/versions/2.3.1/lib/ruby/gems/2.3.0/gems/clockwork-2.0.0/lib/clockwork/manager.rb:63:in `run'
/Users/ryoma_kurisu/.rbenv/versions/2.3.1/lib/ruby/gems/2.3.0/gems/clockwork-2.0.0/lib/clockwork.rb:46:in `run'
/Users/ryoma_kurisu/.rbenv/versions/2.3.1/lib/ruby/gems/2.3.0/gems/clockwork-2.0.0/bin/clockwork:19:in `<top (required)>'
/Users/ryoma_kurisu/.rbenv/versions/2.3.1/bin/clockwork:22:in `load'
/Users/ryoma_kurisu/.rbenv/versions/2.3.1/bin/clockwork:22:in `<main>'
I, [2016-10-23T00:50:00.511982 #14623]  INFO -- : Starting clock for 1 events: [ nissy ]
I, [2016-10-23T00:50:00.514440 #14623]  INFO -- : Triggering 'nissy'
2016.09.10
『Nissy Entertainment 1st LIVE』デジタルアンケート実施!!http://avex.jp/nissy/news/ #nissy
2016.10.21
10/26(水)Nissy(西島隆弘)VMAJ出演決定!!http://avex.jp/nissy/news/ #nissy
